[2019-12-11 12:26:04.528] [jointLog] [info] Fragment incompatibility prior below threshold.  Incompatible fragments will be ignored.
[2019-12-11 12:26:04.528] [jointLog] [info] Usage of --validateMappings implies use of minScoreFraction. Since not explicitly specified, it is being set to 0.65
[2019-12-11 12:26:04.528] [jointLog] [info] Usage of --validateMappings implies a default consensus slack of 0.2. Setting consensusSlack to 0.35.
[2019-12-11 12:26:04.528] [jointLog] [info] parsing read library format
[2019-12-11 12:26:04.529] [jointLog] [info] There is 1 library.
[2019-12-11 12:26:04.847] [jointLog] [info] Loading pufferfish index
[2019-12-11 12:26:04.870] [jointLog] [info] Loading dense pufferfish index.
[2019-12-11 12:26:05.748] [jointLog] [info] done
[2019-12-11 12:26:05.748] [jointLog] [info] Index contained 9,475 targets
[2019-12-11 12:26:05.757] [jointLog] [info] Number of decoys : 0
[2019-12-11 12:26:05.757] [jointLog] [info] First decoy index : 18,446,744,073,709,551,615 
[2019-12-11 12:26:06.908] [jointLog] [info] Automatically detected most likely library type as U
[2019-12-11 12:26:15.662] [fileLog] [info] 
At end of round 0
==================
Observed 1092731 total fragments (1092731 in most recent round)

[2019-12-11 12:26:15.662] [jointLog] [info] Computed 9,994 rich equivalence classes for further processing
[2019-12-11 12:26:15.662] [jointLog] [info] Counted 1,014,261 total reads in the equivalence classes 
[2019-12-11 12:26:15.669] [jointLog] [warning] 0.000183028% of fragments were shorter than the k used to build the index.
If this fraction is too large, consider re-building the index with a smaller k.
The minimum read size found was 26.


[2019-12-11 12:26:15.669] [jointLog] [info] Number of mappings discarded because of alignment score : 14,528
[2019-12-11 12:26:15.669] [jointLog] [info] Number of fragments entirely discarded because of alignment score : 4,486
[2019-12-11 12:26:15.669] [jointLog] [info] Number of fragments discarded because they are best-mapped to decoys : 0
[2019-12-11 12:26:15.669] [jointLog] [info] Number of fragments discarded because they have only dovetail (discordant) mappings to valid targets : 0
[2019-12-11 12:26:15.670] [jointLog] [warning] Only 1014261 fragments were mapped, but the number of burn-in fragments was set to 5000000.
The effective lengths have been computed using the observed mappings.

[2019-12-11 12:26:15.670] [jointLog] [info] Mapping rate = 92.8189%

[2019-12-11 12:26:15.670] [jointLog] [info] finished quantifyLibrary()
[2019-12-11 12:26:15.953] [jointLog] [info] Starting optimizer
[2019-12-11 12:26:15.957] [jointLog] [info] Marked 0 weighted equivalence classes as degenerate
[2019-12-11 12:26:15.958] [jointLog] [info] iteration = 0 | max rel diff. = 103.895
[2019-12-11 12:26:16.587] [jointLog] [info] iteration = 100 | max rel diff. = 0.0188242
[2019-12-11 12:26:17.292] [jointLog] [info] iteration = 200 | max rel diff. = 0.0802393
[2019-12-11 12:26:17.753] [jointLog] [info] iteration = 268 | max rel diff. = 0.00169399
[2019-12-11 12:26:17.753] [jointLog] [info] Finished optimizer
[2019-12-11 12:26:17.753] [jointLog] [info] writing output 

